\BOOKMARK [1][-]{section.1}{\376\377\000I\000n\000t\000r\000o\000d\000u\000c\000t\000i\000o\000n}{}% 1
\BOOKMARK [1][-]{section.2}{\376\377\000A\000r\000c\000h\000i\000t\000e\000c\000t\000u\000r\000e\000\040\000g\000e\000n\000e\000r\000a\000l\000e}{}% 2
\BOOKMARK [2][-]{subsection.2.1}{\376\377\000V\000u\000e\000\040\000d\000'\000e\000n\000s\000e\000m\000b\000l\000e}{section.2}% 3
\BOOKMARK [2][-]{subsection.2.2}{\376\377\000F\000l\000u\000x\000\040\000f\000o\000n\000c\000t\000i\000o\000n\000n\000e\000l\000\040\000p\000r\000i\000n\000c\000i\000p\000a\000l}{section.2}% 4
\BOOKMARK [2][-]{subsection.2.3}{\376\377\000S\000e\000p\000a\000r\000a\000t\000i\000o\000n\000\040\000s\000i\000m\000u\000l\000a\000t\000i\000o\000n\000\040\000/\000\040\000r\000e\000e\000l}{section.2}% 5
\BOOKMARK [1][-]{section.3}{\376\377\000S\000t\000r\000u\000c\000t\000u\000r\000e\000\040\000d\000u\000\040\000c\000o\000d\000e\000\040\000R\000O\000S}{}% 6
\BOOKMARK [2][-]{subsection.3.1}{\376\377\000P\000a\000q\000u\000e\000t\000s\000\040\000c\000o\000n\000f\000i\000r\000m\000e\000s}{section.3}% 7
\BOOKMARK [2][-]{subsection.3.2}{\376\377\000N\000o\000e\000u\000d\000s\000\040\000A\000P\000E\000X\000\040\000p\000r\000i\000n\000c\000i\000p\000a\000u\000x}{section.3}% 8
\BOOKMARK [2][-]{subsection.3.3}{\376\377\000C\000o\000n\000f\000i\000g\000u\000r\000a\000t\000i\000o\000n}{section.3}% 9
\BOOKMARK [1][-]{section.4}{\376\377\000F\000o\000n\000c\000t\000i\000o\000n\000n\000e\000m\000e\000n\000t\000\040\000e\000t\000\040\000l\000o\000g\000i\000q\000u\000e\000\040\000d\000'\000e\000x\000e\000c\000u\000t\000i\000o\000n}{}% 10
\BOOKMARK [2][-]{subsection.4.1}{\376\377\000L\000a\000n\000c\000e\000m\000e\000n\000t\000\040\000d\000e\000\040\000l\000a\000\040\000p\000i\000l\000e\000\040\000A\000P\000E\000X}{section.4}% 11
\BOOKMARK [2][-]{subsection.4.2}{\376\377\000T\000o\000p\000i\000c\000s\000\040\000s\000t\000r\000u\000c\000t\000u\000r\000a\000n\000t\000s}{section.4}% 12
\BOOKMARK [2][-]{subsection.4.3}{\376\377\000A\000c\000t\000i\000o\000n\000n\000e\000m\000e\000n\000t}{section.4}% 13
\BOOKMARK [2][-]{subsection.4.4}{\376\377\000R\000e\000l\000a\000t\000i\000o\000n\000\040\000a\000v\000e\000c\000\040\000v\000o\000i\000t\000u\000r\000e\000\137\000s\000y\000s\000t\000e\000m}{section.4}% 14
\BOOKMARK [1][-]{section.5}{\376\377\000B\000i\000l\000a\000n\000\040\000d\000u\000\040\000f\000o\000n\000c\000t\000i\000o\000n\000n\000e\000m\000e\000n\000t}{}% 15
\BOOKMARK [2][-]{subsection.5.1}{\376\377\000P\000o\000i\000n\000t\000s\000\040\000f\000o\000r\000t\000s}{section.5}% 16
\BOOKMARK [2][-]{subsection.5.2}{\376\377\000M\000a\000t\000u\000r\000i\000t\000e\000\040\000o\000b\000s\000e\000r\000v\000e\000e}{section.5}% 17
\BOOKMARK [2][-]{subsection.5.3}{\376\377\000I\000n\000t\000e\000r\000p\000r\000e\000t\000a\000t\000i\000o\000n}{section.5}% 18
\BOOKMARK [1][-]{section.6}{\376\377\000P\000o\000i\000n\000t\000s\000\040\000a\000\040\000r\000e\000s\000o\000u\000d\000r\000e\000\040\000e\000t\000\040\000p\000r\000o\000b\000l\000e\000m\000e\000s\000\040\000i\000d\000e\000n\000t\000i\000f\000i\000e\000s}{}% 19
\BOOKMARK [2][-]{subsection.6.1}{\376\377\000P\000o\000i\000n\000t\000s\000\040\000c\000o\000n\000f\000i\000r\000m\000e\000s\000\040\000p\000a\000r\000\040\000l\000e\000\040\000d\000e\000p\000o\000t}{section.6}% 20
\BOOKMARK [2][-]{subsection.6.2}{\376\377\000P\000o\000i\000n\000t\000s\000\040\000d\000e\000d\000u\000i\000t\000s\000\040\000o\000u\000\040\000p\000o\000t\000e\000n\000t\000i\000e\000l\000s}{section.6}% 21
\BOOKMARK [2][-]{subsection.6.3}{\376\377\000E\000l\000e\000m\000e\000n\000t\000\040\000a\000\040\000c\000o\000m\000p\000l\000e\000t\000e\000r\000\040\000p\000a\000r\000\040\000r\000e\000t\000o\000u\000r\000\040\000t\000e\000r\000r\000a\000i\000n}{section.6}% 22
\BOOKMARK [1][-]{section.7}{\376\377\000C\000o\000n\000c\000l\000u\000s\000i\000o\000n}{}% 23
